[0604/101007.775:ERROR:process_reader_win.cc(123)] NtOpenThread: {Access Denied} A process has requested access to an object, but has not been granted those access rights. (0xc0000022)
[0604/101007.793:ERROR:exception_snapshot_win.cc(98)] thread ID 7856 not found in process
[0604/101007.824:ERROR:process_reader_win.cc(151)] SuspendThread: Access is denied. (0x5)
[0604/101007.824:ERROR:process_reader_win.cc(151)] SuspendThread: Access is denied. (0x5)
[0604/101007.824:ERROR:process_reader_win.cc(123)] NtOpenThread: {Access Denied} A process has requested access to an object, but has not been granted those access rights. (0xc0000022)
[0604/101007.824:ERROR:exception_snapshot_win.cc(98)] thread ID 5276 not found in process
[0604/101007.880:ERROR:process_reader_win.cc(151)] SuspendThread: Access is denied. (0x5)
[0604/101007.880:ERROR:process_reader_win.cc(123)] NtOpenThread: {Access Denied} A process has requested access to an object, but has not been granted those access rights. (0xc0000022)
[0604/101007.880:ERROR:exception_snapshot_win.cc(98)] thread ID 7488 not found in process
[0604/104214.388:ERROR:process_reader_win.cc(123)] NtOpenThread: {Access Denied} A process has requested access to an object, but has not been granted those access rights. (0xc0000022)
[0604/104214.640:ERROR:exception_snapshot_win.cc(98)] thread ID 1204 not found in process
[0604/104214.684:ERROR:process_reader_win.cc(123)] NtOpenThread: {Access Denied} A process has requested access to an object, but has not been granted those access rights. (0xc0000022)
[0604/104214.684:ERROR:exception_snapshot_win.cc(98)] thread ID 6476 not found in process
[0604/104214.726:ERROR:process_reader_win.cc(123)] NtOpenThread: {Access Denied} A process has requested access to an object, but has not been granted those access rights. (0xc0000022)
[0604/104214.726:ERROR:exception_snapshot_win.cc(98)] thread ID 5120 not found in process
[0604/105827.666:ERROR:process_reader_win.cc(123)] NtOpenThread: {Access Denied} A process has requested access to an object, but has not been granted those access rights. (0xc0000022)
[0604/105827.724:ERROR:exception_snapshot_win.cc(98)] thread ID 7948 not found in process
[0604/105827.781:ERROR:process_reader_win.cc(123)] NtOpenThread: {Access Denied} A process has requested access to an object, but has not been granted those access rights. (0xc0000022)
[0604/105827.781:ERROR:exception_snapshot_win.cc(98)] thread ID 4272 not found in process
[0604/110010.971:ERROR:process_reader_win.cc(123)] NtOpenThread: {Access Denied} A process has requested access to an object, but has not been granted those access rights. (0xc0000022)
[0604/110010.971:ERROR:exception_snapshot_win.cc(98)] thread ID 5628 not found in process
[0604/110011.001:ERROR:process_reader_win.cc(123)] NtOpenThread: {Access Denied} A process has requested access to an object, but has not been granted those access rights. (0xc0000022)
[0604/110011.001:ERROR:exception_snapshot_win.cc(98)] thread ID 4252 not found in process
[0604/110011.060:ERROR:process_reader_win.cc(123)] NtOpenThread: {Access Denied} A process has requested access to an object, but has not been granted those access rights. (0xc0000022)
[0604/110011.060:ERROR:exception_snapshot_win.cc(98)] thread ID 5340 not found in process
[0604/110014.686:ERROR:process_reader_win.cc(123)] NtOpenThread: {Access Denied} A process has requested access to an object, but has not been granted those access rights. (0xc0000022)
[0604/110014.686:ERROR:exception_snapshot_win.cc(98)] thread ID 3840 not found in process
[0604/140453.546:ERROR:process_reader_win.cc(123)] NtOpenThread: {Access Denied} A process has requested access to an object, but has not been granted those access rights. (0xc0000022)
[0604/140453.546:ERROR:exception_snapshot_win.cc(98)] thread ID 6672 not found in process
[0604/140453.593:ERROR:process_reader_win.cc(123)] NtOpenThread: {Access Denied} A process has requested access to an object, but has not been granted those access rights. (0xc0000022)
[0604/140453.593:ERROR:exception_snapshot_win.cc(98)] thread ID 1164 not found in process
[0604/140627.306:ERROR:process_reader_win.cc(123)] NtOpenThread: {Access Denied} A process has requested access to an object, but has not been granted those access rights. (0xc0000022)
[0604/140627.306:ERROR:exception_snapshot_win.cc(98)] thread ID 7000 not found in process
[0604/140627.368:ERROR:process_reader_win.cc(123)] NtOpenThread: {Access Denied} A process has requested access to an object, but has not been granted those access rights. (0xc0000022)
[0604/140627.368:ERROR:exception_snapshot_win.cc(98)] thread ID 4404 not found in process
[0604/140741.716:ERROR:process_reader_win.cc(123)] NtOpenThread: {Access Denied} A process has requested access to an object, but has not been granted those access rights. (0xc0000022)
[0604/140741.716:ERROR:exception_snapshot_win.cc(98)] thread ID 4896 not found in process
[0604/140741.763:ERROR:process_reader_win.cc(123)] NtOpenThread: {Access Denied} A process has requested access to an object, but has not been granted those access rights. (0xc0000022)
[0604/140741.763:ERROR:exception_snapshot_win.cc(98)] thread ID 4072 not found in process
[0604/140841.767:ERROR:process_reader_win.cc(123)] NtOpenThread: {Access Denied} A process has requested access to an object, but has not been granted those access rights. (0xc0000022)
[0604/140841.767:ERROR:exception_snapshot_win.cc(98)] thread ID 8004 not found in process
[0604/140841.811:ERROR:process_reader_win.cc(123)] NtOpenThread: {Access Denied} A process has requested access to an object, but has not been granted those access rights. (0xc0000022)
[0604/140841.811:ERROR:exception_snapshot_win.cc(98)] thread ID 7768 not found in process
[0615/171125.619:ERROR:process_reader_win.cc(123)] NtOpenThread: {Access Denied} A process has requested access to an object, but has not been granted those access rights. (0xc0000022)
[0615/171125.643:ERROR:exception_snapshot_win.cc(98)] thread ID 4280 not found in process
[0623/094547.876:ERROR:process_reader_win.cc(123)] NtOpenThread: {Access Denied} A process has requested access to an object, but has not been granted those access rights. (0xc0000022)
[0623/094547.932:ERROR:exception_snapshot_win.cc(98)] thread ID 7440 not found in process
[0623/094548.051:ERROR:process_reader_win.cc(123)] NtOpenThread: {Access Denied} A process has requested access to an object, but has not been granted those access rights. (0xc0000022)
[0623/094548.051:ERROR:exception_snapshot_win.cc(98)] thread ID 8608 not found in process
[0623/100928.108:ERROR:process_reader_win.cc(123)] NtOpenThread: {Access Denied} A process has requested access to an object, but has not been granted those access rights. (0xc0000022)
[0623/100928.139:ERROR:exception_snapshot_win.cc(98)] thread ID 10832 not found in process
[0623/100928.217:ERROR:process_reader_win.cc(123)] NtOpenThread: {Access Denied} A process has requested access to an object, but has not been granted those access rights. (0xc0000022)
[0623/100928.217:ERROR:exception_snapshot_win.cc(98)] thread ID 6788 not found in process
[0623/101350.466:ERROR:process_reader_win.cc(123)] NtOpenThread: {Access Denied} A process has requested access to an object, but has not been granted those access rights. (0xc0000022)
[0623/101350.466:ERROR:exception_snapshot_win.cc(98)] thread ID 12440 not found in process
[0623/101350.513:ERROR:process_reader_win.cc(123)] NtOpenThread: {Access Denied} A process has requested access to an object, but has not been granted those access rights. (0xc0000022)
[0623/101350.513:ERROR:exception_snapshot_win.cc(98)] thread ID 7172 not found in process
[0623/102218.897:ERROR:process_reader_win.cc(123)] NtOpenThread: {Access Denied} A process has requested access to an object, but has not been granted those access rights. (0xc0000022)
[0623/102218.899:ERROR:exception_snapshot_win.cc(98)] thread ID 13644 not found in process
[0623/102218.962:ERROR:process_reader_win.cc(123)] NtOpenThread: {Access Denied} A process has requested access to an object, but has not been granted those access rights. (0xc0000022)
[0623/102218.962:ERROR:exception_snapshot_win.cc(98)] thread ID 3388 not found in process
[0623/121711.423:ERROR:process_reader_win.cc(123)] NtOpenThread: {Access Denied} A process has requested access to an object, but has not been granted those access rights. (0xc0000022)
[0623/121711.459:ERROR:exception_snapshot_win.cc(98)] thread ID 6352 not found in process
[0623/121711.511:ERROR:process_reader_win.cc(123)] NtOpenThread: {Access Denied} A process has requested access to an object, but has not been granted those access rights. (0xc0000022)
[0623/121711.511:ERROR:exception_snapshot_win.cc(98)] thread ID 14056 not found in process
[0623/121711.643:ERROR:process_reader_win.cc(151)] SuspendThread: Access is denied. (0x5)
[0623/121711.643:ERROR:process_reader_win.cc(123)] NtOpenThread: {Access Denied} A process has requested access to an object, but has not been granted those access rights. (0xc0000022)
[0623/121711.643:ERROR:exception_snapshot_win.cc(98)] thread ID 9988 not found in process
[0623/121714.434:ERROR:process_reader_win.cc(123)] NtOpenThread: {Access Denied} A process has requested access to an object, but has not been granted those access rights. (0xc0000022)
[0623/121714.434:ERROR:exception_snapshot_win.cc(98)] thread ID 7624 not found in process
[0623/122806.301:ERROR:process_reader_win.cc(123)] NtOpenThread: {Access Denied} A process has requested access to an object, but has not been granted those access rights. (0xc0000022)
[0623/122806.301:ERROR:exception_snapshot_win.cc(98)] thread ID 7720 not found in process
[0623/122806.589:ERROR:process_reader_win.cc(123)] NtOpenThread: {Access Denied} A process has requested access to an object, but has not been granted those access rights. (0xc0000022)
[0623/122806.589:ERROR:exception_snapshot_win.cc(98)] thread ID 11300 not found in process
[0623/123222.184:ERROR:process_reader_win.cc(123)] NtOpenThread: {Access Denied} A process has requested access to an object, but has not been granted those access rights. (0xc0000022)
[0623/123222.184:ERROR:exception_snapshot_win.cc(98)] thread ID 13196 not found in process
[0623/123222.240:ERROR:process_reader_win.cc(123)] NtOpenThread: {Access Denied} A process has requested access to an object, but has not been granted those access rights. (0xc0000022)
[0623/123222.240:ERROR:exception_snapshot_win.cc(98)] thread ID 6100 not found in process
[0623/144722.395:ERROR:process_reader_win.cc(123)] NtOpenThread: {Access Denied} A process has requested access to an object, but has not been granted those access rights. (0xc0000022)
[0623/144722.427:ERROR:exception_snapshot_win.cc(98)] thread ID 12880 not found in process
[0623/144722.499:ERROR:process_reader_win.cc(123)] NtOpenThread: {Access Denied} A process has requested access to an object, but has not been granted those access rights. (0xc0000022)
[0623/144722.499:ERROR:exception_snapshot_win.cc(98)] thread ID 5272 not found in process
[0623/144722.667:ERROR:process_reader_win.cc(123)] NtOpenThread: {Access Denied} A process has requested access to an object, but has not been granted those access rights. (0xc0000022)
[0623/144722.667:ERROR:exception_snapshot_win.cc(98)] thread ID 11964 not found in process
[0623/144822.064:ERROR:process_reader_win.cc(123)] NtOpenThread: {Access Denied} A process has requested access to an object, but has not been granted those access rights. (0xc0000022)
[0623/144822.064:ERROR:exception_snapshot_win.cc(98)] thread ID 9288 not found in process
[0623/144822.104:ERROR:process_reader_win.cc(123)] NtOpenThread: {Access Denied} A process has requested access to an object, but has not been granted those access rights. (0xc0000022)
[0623/144822.104:ERROR:exception_snapshot_win.cc(98)] thread ID 14148 not found in process
[0623/144822.152:ERROR:process_reader_win.cc(123)] NtOpenThread: {Access Denied} A process has requested access to an object, but has not been granted those access rights. (0xc0000022)
[0623/144822.152:ERROR:exception_snapshot_win.cc(98)] thread ID 9008 not found in process
[0623/144830.559:ERROR:process_reader_win.cc(123)] NtOpenThread: {Access Denied} A process has requested access to an object, but has not been granted those access rights. (0xc0000022)
[0623/144830.559:ERROR:exception_snapshot_win.cc(98)] thread ID 10800 not found in process
[0623/154533.149:ERROR:process_reader_win.cc(123)] NtOpenThread: {Access Denied} A process has requested access to an object, but has not been granted those access rights. (0xc0000022)
[0623/154533.179:ERROR:exception_snapshot_win.cc(98)] thread ID 8312 not found in process
[0623/154533.231:ERROR:process_reader_win.cc(123)] NtOpenThread: {Access Denied} A process has requested access to an object, but has not been granted those access rights. (0xc0000022)
[0623/154533.231:ERROR:exception_snapshot_win.cc(98)] thread ID 11348 not found in process
[0623/154641.401:ERROR:process_reader_win.cc(123)] NtOpenThread: {Access Denied} A process has requested access to an object, but has not been granted those access rights. (0xc0000022)
[0623/154641.402:ERROR:exception_snapshot_win.cc(98)] thread ID 11604 not found in process
[0623/154641.449:ERROR:process_reader_win.cc(151)] SuspendThread: Access is denied. (0x5)
[0623/154641.449:ERROR:process_reader_win.cc(123)] NtOpenThread: {Access Denied} A process has requested access to an object, but has not been granted those access rights. (0xc0000022)
[0623/154641.449:ERROR:exception_snapshot_win.cc(98)] thread ID 9876 not found in process
[0623/155005.497:ERROR:process_reader_win.cc(123)] NtOpenThread: {Access Denied} A process has requested access to an object, but has not been granted those access rights. (0xc0000022)
[0623/155005.498:ERROR:exception_snapshot_win.cc(98)] thread ID 4500 not found in process
[0623/155005.577:ERROR:process_reader_win.cc(123)] NtOpenThread: {Access Denied} A process has requested access to an object, but has not been granted those access rights. (0xc0000022)
[0623/155005.577:ERROR:exception_snapshot_win.cc(98)] thread ID 13028 not found in process
[0623/155205.381:ERROR:process_reader_win.cc(123)] NtOpenThread: {Access Denied} A process has requested access to an object, but has not been granted those access rights. (0xc0000022)
[0623/155205.382:ERROR:exception_snapshot_win.cc(98)] thread ID 11824 not found in process
[0623/155205.432:ERROR:process_reader_win.cc(123)] NtOpenThread: {Access Denied} A process has requested access to an object, but has not been granted those access rights. (0xc0000022)
[0623/155205.432:ERROR:exception_snapshot_win.cc(98)] thread ID 7276 not found in process
[0623/155349.345:ERROR:process_reader_win.cc(123)] NtOpenThread: {Access Denied} A process has requested access to an object, but has not been granted those access rights. (0xc0000022)
[0623/155349.346:ERROR:exception_snapshot_win.cc(98)] thread ID 6568 not found in process
[0623/155349.400:ERROR:process_reader_win.cc(123)] NtOpenThread: {Access Denied} A process has requested access to an object, but has not been granted those access rights. (0xc0000022)
[0623/155349.420:ERROR:exception_snapshot_win.cc(98)] thread ID 10492 not found in process
[0623/155620.858:ERROR:process_reader_win.cc(123)] NtOpenThread: {Access Denied} A process has requested access to an object, but has not been granted those access rights. (0xc0000022)
[0623/155620.859:ERROR:exception_snapshot_win.cc(98)] thread ID 11364 not found in process
[0623/155620.915:ERROR:process_reader_win.cc(123)] NtOpenThread: {Access Denied} A process has requested access to an object, but has not been granted those access rights. (0xc0000022)
[0623/155620.915:ERROR:exception_snapshot_win.cc(98)] thread ID 6496 not found in process
[0623/155817.627:ERROR:process_reader_win.cc(123)] NtOpenThread: {Access Denied} A process has requested access to an object, but has not been granted those access rights. (0xc0000022)
[0623/155817.629:ERROR:exception_snapshot_win.cc(98)] thread ID 12604 not found in process
[0623/155817.679:ERROR:process_reader_win.cc(123)] NtOpenThread: {Access Denied} A process has requested access to an object, but has not been granted those access rights. (0xc0000022)
[0623/155817.679:ERROR:exception_snapshot_win.cc(98)] thread ID 14256 not found in process
[0623/160133.122:ERROR:process_reader_win.cc(123)] NtOpenThread: {Access Denied} A process has requested access to an object, but has not been granted those access rights. (0xc0000022)
[0623/160133.123:ERROR:exception_snapshot_win.cc(98)] thread ID 12728 not found in process
[0623/160133.174:ERROR:process_reader_win.cc(123)] NtOpenThread: {Access Denied} A process has requested access to an object, but has not been granted those access rights. (0xc0000022)
[0623/160133.174:ERROR:exception_snapshot_win.cc(98)] thread ID 11512 not found in process
[0623/160200.763:ERROR:process_reader_win.cc(123)] NtOpenThread: {Access Denied} A process has requested access to an object, but has not been granted those access rights. (0xc0000022)
[0623/160200.765:ERROR:exception_snapshot_win.cc(98)] thread ID 12180 not found in process
[0623/160200.814:ERROR:process_reader_win.cc(123)] NtOpenThread: {Access Denied} A process has requested access to an object, but has not been granted those access rights. (0xc0000022)
[0623/160200.815:ERROR:exception_snapshot_win.cc(98)] thread ID 9872 not found in process
[0623/160436.467:ERROR:process_reader_win.cc(123)] NtOpenThread: {Access Denied} A process has requested access to an object, but has not been granted those access rights. (0xc0000022)
[0623/160436.468:ERROR:exception_snapshot_win.cc(98)] thread ID 9020 not found in process
[0623/160436.517:ERROR:process_reader_win.cc(123)] NtOpenThread: {Access Denied} A process has requested access to an object, but has not been granted those access rights. (0xc0000022)
[0623/160436.517:ERROR:exception_snapshot_win.cc(98)] thread ID 6540 not found in process
[0623/160848.445:ERROR:process_reader_win.cc(123)] NtOpenThread: {Access Denied} A process has requested access to an object, but has not been granted those access rights. (0xc0000022)
[0623/160848.447:ERROR:exception_snapshot_win.cc(98)] thread ID 12852 not found in process
[0623/160848.496:ERROR:process_reader_win.cc(123)] NtOpenThread: {Access Denied} A process has requested access to an object, but has not been granted those access rights. (0xc0000022)
[0623/160848.496:ERROR:exception_snapshot_win.cc(98)] thread ID 5488 not found in process
[0623/161031.475:ERROR:process_reader_win.cc(123)] NtOpenThread: {Access Denied} A process has requested access to an object, but has not been granted those access rights. (0xc0000022)
[0623/161031.476:ERROR:exception_snapshot_win.cc(98)] thread ID 12940 not found in process
[0623/161031.527:ERROR:process_reader_win.cc(123)] NtOpenThread: {Access Denied} A process has requested access to an object, but has not been granted those access rights. (0xc0000022)
[0623/161031.527:ERROR:exception_snapshot_win.cc(98)] thread ID 12124 not found in process
[0623/161448.751:ERROR:process_reader_win.cc(123)] NtOpenThread: {Access Denied} A process has requested access to an object, but has not been granted those access rights. (0xc0000022)
[0623/161448.752:ERROR:exception_snapshot_win.cc(98)] thread ID 12324 not found in process
[0623/161448.810:ERROR:process_reader_win.cc(123)] NtOpenThread: {Access Denied} A process has requested access to an object, but has not been granted those access rights. (0xc0000022)
[0623/161448.810:ERROR:exception_snapshot_win.cc(98)] thread ID 13980 not found in process
[0623/221539.689:ERROR:process_reader_win.cc(123)] NtOpenThread: {Access Denied} A process has requested access to an object, but has not been granted those access rights. (0xc0000022)
[0623/221539.737:ERROR:exception_snapshot_win.cc(98)] thread ID 9880 not found in process
[0623/221539.777:ERROR:process_reader_win.cc(123)] NtOpenThread: {Access Denied} A process has requested access to an object, but has not been granted those access rights. (0xc0000022)
[0623/221539.777:ERROR:exception_snapshot_win.cc(98)] thread ID 13964 not found in process
[0623/221539.837:ERROR:process_reader_win.cc(123)] NtOpenThread: {Access Denied} A process has requested access to an object, but has not been granted those access rights. (0xc0000022)
[0623/221539.837:ERROR:exception_snapshot_win.cc(98)] thread ID 5968 not found in process
[0623/221542.392:ERROR:process_reader_win.cc(123)] NtOpenThread: {Access Denied} A process has requested access to an object, but has not been granted those access rights. (0xc0000022)
[0623/221542.392:ERROR:exception_snapshot_win.cc(98)] thread ID 11640 not found in process
[0724/101250.721:ERROR:process_reader_win.cc(151)] SuspendThread: Access is denied. (0x5)
[0724/101250.779:ERROR:process_reader_win.cc(151)] SuspendThread: Access is denied. (0x5)
[0724/101250.780:ERROR:process_reader_win.cc(151)] SuspendThread: Access is denied. (0x5)
[0724/101250.780:ERROR:process_reader_win.cc(151)] SuspendThread: Access is denied. (0x5)
[0724/101250.780:ERROR:process_reader_win.cc(151)] SuspendThread: Access is denied. (0x5)
[0724/101250.780:ERROR:process_reader_win.cc(151)] SuspendThread: Access is denied. (0x5)
[0724/101250.780:ERROR:process_reader_win.cc(151)] SuspendThread: Access is denied. (0x5)
[0724/101250.780:ERROR:process_reader_win.cc(151)] SuspendThread: Access is denied. (0x5)
[0724/101250.780:ERROR:process_reader_win.cc(151)] SuspendThread: Access is denied. (0x5)
[0724/101250.780:ERROR:process_reader_win.cc(151)] SuspendThread: Access is denied. (0x5)
[0724/101250.780:ERROR:process_reader_win.cc(151)] SuspendThread: Access is denied. (0x5)
[0724/101250.780:ERROR:process_reader_win.cc(151)] SuspendThread: Access is denied. (0x5)
[0724/101250.781:ERROR:process_reader_win.cc(151)] SuspendThread: Access is denied. (0x5)
[0724/101250.781:ERROR:process_reader_win.cc(151)] SuspendThread: Access is denied. (0x5)
[0724/101250.781:ERROR:process_reader_win.cc(123)] NtOpenThread: {Access Denied} A process has requested access to an object, but has not been granted those access rights. (0xc0000022)
[0724/101250.878:ERROR:exception_snapshot_win.cc(98)] thread ID 7324 not found in process
[0724/101250.925:ERROR:process_reader_win.cc(151)] SuspendThread: Access is denied. (0x5)
[0724/101250.925:ERROR:process_reader_win.cc(151)] SuspendThread: Access is denied. (0x5)
[0724/101250.925:ERROR:process_reader_win.cc(151)] SuspendThread: Access is denied. (0x5)
[0724/101250.925:ERROR:process_reader_win.cc(151)] SuspendThread: Access is denied. (0x5)
[0724/101250.925:ERROR:process_reader_win.cc(151)] SuspendThread: Access is denied. (0x5)
[0724/101250.925:ERROR:process_reader_win.cc(151)] SuspendThread: Access is denied. (0x5)
[0724/101250.925:ERROR:process_reader_win.cc(123)] NtOpenThread: {Access Denied} A process has requested access to an object, but has not been granted those access rights. (0xc0000022)
[0724/101250.925:ERROR:exception_snapshot_win.cc(98)] thread ID 9684 not found in process
[0724/101251.635:ERROR:process_reader_win.cc(151)] SuspendThread: Access is denied. (0x5)
[0724/101251.635:ERROR:process_reader_win.cc(123)] NtOpenThread: {Access Denied} A process has requested access to an object, but has not been granted those access rights. (0xc0000022)
[0724/101251.635:ERROR:exception_snapshot_win.cc(98)] thread ID 6508 not found in process
[0724/101253.033:ERROR:process_reader_win.cc(151)] SuspendThread: Access is denied. (0x5)
[0724/101253.034:ERROR:process_reader_win.cc(151)] SuspendThread: Access is denied. (0x5)
[0724/101253.034:ERROR:process_reader_win.cc(123)] NtOpenThread: {Access Denied} A process has requested access to an object, but has not been granted those access rights. (0xc0000022)
[0724/101253.035:ERROR:exception_snapshot_win.cc(98)] thread ID 792 not found in process
[0724/101253.067:ERROR:process_reader_win.cc(151)] SuspendThread: Access is denied. (0x5)
[0724/101253.067:ERROR:process_reader_win.cc(151)] SuspendThread: Access is denied. (0x5)
[0724/101253.067:ERROR:process_reader_win.cc(151)] SuspendThread: Access is denied. (0x5)
[0724/101253.067:ERROR:process_reader_win.cc(151)] SuspendThread: Access is denied. (0x5)
[0724/101253.067:ERROR:process_reader_win.cc(151)] SuspendThread: Access is denied. (0x5)
[0724/101253.067:ERROR:process_reader_win.cc(123)] NtOpenThread: {Access Denied} A process has requested access to an object, but has not been granted those access rights. (0xc0000022)
[0724/101253.068:ERROR:exception_snapshot_win.cc(98)] thread ID 4736 not found in process
[0724/101254.299:ERROR:process_reader_win.cc(123)] NtOpenThread: {Access Denied} A process has requested access to an object, but has not been granted those access rights. (0xc0000022)
[0724/101254.299:ERROR:exception_snapshot_win.cc(98)] thread ID 8408 not found in process
[0724/101254.342:ERROR:process_reader_win.cc(123)] NtOpenThread: {Access Denied} A process has requested access to an object, but has not been granted those access rights. (0xc0000022)
[0724/101254.343:ERROR:exception_snapshot_win.cc(98)] thread ID 2456 not found in process
[0724/101616.547:ERROR:process_reader_win.cc(123)] NtOpenThread: {Access Denied} A process has requested access to an object, but has not been granted those access rights. (0xc0000022)
[0724/101616.547:ERROR:exception_snapshot_win.cc(98)] thread ID 3148 not found in process
[0724/101616.579:ERROR:process_reader_win.cc(123)] NtOpenThread: {Access Denied} A process has requested access to an object, but has not been granted those access rights. (0xc0000022)
[0724/101616.579:ERROR:exception_snapshot_win.cc(98)] thread ID 8328 not found in process
[0724/101619.278:ERROR:process_reader_win.cc(151)] SuspendThread: Access is denied. (0x5)
[0724/101619.278:ERROR:process_reader_win.cc(151)] SuspendThread: Access is denied. (0x5)
[0724/101619.279:ERROR:process_reader_win.cc(151)] SuspendThread: Access is denied. (0x5)
[0724/101619.278:ERROR:process_reader_win.cc(151)] SuspendThread: Access is denied. (0x5)
[0724/101619.279:ERROR:process_reader_win.cc(123)] NtOpenThread: {Access Denied} A process has requested access to an object, but has not been granted those access rights. (0xc0000022)
[0724/101619.279:ERROR:exception_snapshot_win.cc(98)] thread ID 9176 not found in process
[0724/101619.279:ERROR:process_reader_win.cc(123)] NtOpenThread: {Access Denied} A process has requested access to an object, but has not been granted those access rights. (0xc0000022)
[0724/101619.279:ERROR:exception_snapshot_win.cc(98)] thread ID 9892 not found in process
[0724/101619.279:ERROR:process_reader_win.cc(123)] NtOpenThread: {Access Denied} A process has requested access to an object, but has not been granted those access rights. (0xc0000022)
[0724/101619.279:ERROR:exception_snapshot_win.cc(98)] thread ID 4928 not found in process
[0724/101619.319:ERROR:process_reader_win.cc(151)] SuspendThread: Access is denied. (0x5)
[0724/101619.319:ERROR:process_reader_win.cc(151)] SuspendThread: Access is denied. (0x5)
[0724/101619.320:ERROR:process_reader_win.cc(151)] SuspendThread: Access is denied. (0x5)
[0724/101619.320:ERROR:process_reader_win.cc(151)] SuspendThread: Access is denied. (0x5)
[0724/101619.320:ERROR:process_reader_win.cc(151)] SuspendThread: Access is denied. (0x5)
[0724/101619.320:ERROR:process_reader_win.cc(151)] SuspendThread: Access is denied. (0x5)
[0724/101619.320:ERROR:process_reader_win.cc(151)] SuspendThread: Access is denied. (0x5)
[0724/101619.320:ERROR:process_reader_win.cc(151)] SuspendThread: Access is denied. (0x5)
[0724/101619.320:ERROR:process_reader_win.cc(151)] SuspendThread: Access is denied. (0x5)
[0724/101619.320:ERROR:process_reader_win.cc(123)] NtOpenThread: {Access Denied} A process has requested access to an object, but has not been granted those access rights. (0xc0000022)
[0724/101619.320:ERROR:process_reader_win.cc(123)] NtOpenThread: {Access Denied} A process has requested access to an object, but has not been granted those access rights. (0xc0000022)
[0724/101619.320:ERROR:exception_snapshot_win.cc(98)] thread ID 8752 not found in process
[0724/101619.320:ERROR:exception_snapshot_win.cc(98)] thread ID 9316 not found in process
[0724/101619.324:ERROR:process_reader_win.cc(151)] SuspendThread: Access is denied. (0x5)
[0724/101619.324:ERROR:process_reader_win.cc(151)] SuspendThread: Access is denied. (0x5)
[0724/101619.324:ERROR:process_reader_win.cc(151)] SuspendThread: Access is denied. (0x5)
[0724/101619.324:ERROR:process_reader_win.cc(151)] SuspendThread: Access is denied. (0x5)
[0724/101619.324:ERROR:process_reader_win.cc(123)] NtOpenThread: {Access Denied} A process has requested access to an object, but has not been granted those access rights. (0xc0000022)
[0724/101619.324:ERROR:exception_snapshot_win.cc(98)] thread ID 5128 not found in process
[0724/112114.299:ERROR:process_reader_win.cc(151)] SuspendThread: Access is denied. (0x5)
[0724/112114.300:ERROR:process_reader_win.cc(123)] NtOpenThread: {Access Denied} A process has requested access to an object, but has not been granted those access rights. (0xc0000022)
[0724/112114.300:ERROR:exception_snapshot_win.cc(98)] thread ID 8304 not found in process
[0724/112114.335:ERROR:process_reader_win.cc(123)] NtOpenThread: {Access Denied} A process has requested access to an object, but has not been granted those access rights. (0xc0000022)
[0724/112114.335:ERROR:exception_snapshot_win.cc(98)] thread ID 5700 not found in process
[0915/233612.013:ERROR:file_io_win.cc(180)] CreateFile C:\Users\Abhi\AppData\Local\Temp\scoped_dir7560_435158777\Crashpad\settings.dat: The process cannot access the file because it is being used by another process. (0x20)
[0915/234536.413:ERROR:file_io_win.cc(180)] CreateFile C:\Users\Abhi\AppData\Local\Temp\scoped_dir11400_614715399\Crashpad\settings.dat: The process cannot access the file because it is being used by another process. (0x20)
[0915/235536.521:ERROR:directory_reader_win.cc(43)] FindFirstFile: The system cannot find the path specified. (0x3)
[0915/235848.608:ERROR:directory_reader_win.cc(43)] FindFirstFile: The system cannot find the path specified. (0x3)
[0916/000110.837:ERROR:file_io_win.cc(180)] CreateFile C:\Users\Abhi\AppData\Local\Temp\scoped_dir11556_1821253840\Crashpad\settings.dat: The process cannot access the file because it is being used by another process. (0x20)
[0916/000623.638:ERROR:file_io_win.cc(180)] CreateFile C:\Users\Abhi\AppData\Local\Temp\scoped_dir12504_1419389362\Crashpad\settings.dat: The process cannot access the file because it is being used by another process. (0x20)
[0916/001530.464:ERROR:file_io_win.cc(180)] CreateFile C:\Users\Abhi\AppData\Local\Temp\scoped_dir16956_245791429\Crashpad\settings.dat: The process cannot access the file because it is being used by another process. (0x20)
[0916/001851.415:ERROR:file_io_win.cc(180)] CreateFile C:\Users\Abhi\AppData\Local\Temp\scoped_dir8264_54097274\Crashpad\settings.dat: The process cannot access the file because it is being used by another process. (0x20)
[0916/002428.663:ERROR:file_io_win.cc(180)] CreateFile C:\Users\Abhi\AppData\Local\Temp\scoped_dir11532_964085587\Crashpad\settings.dat: The process cannot access the file because it is being used by another process. (0x20)
[0916/120645.205:ERROR:file_io_win.cc(180)] CreateFile C:\Users\Abhi\AppData\Local\Temp\scoped_dir14764_801889415\Crashpad\settings.dat: The process cannot access the file because it is being used by another process. (0x20)
[0916/121622.652:ERROR:file_io_win.cc(180)] CreateFile C:\Users\Abhi\AppData\Local\Temp\scoped_dir3336_124285716\Crashpad\settings.dat: The process cannot access the file because it is being used by another process. (0x20)
[0916/130055.263:ERROR:file_io_win.cc(180)] CreateFile C:\Users\Abhi\AppData\Local\Temp\scoped_dir4996_1036137025\Crashpad\settings.dat: The process cannot access the file because it is being used by another process. (0x20)
[0916/131559.214:ERROR:directory_reader_win.cc(43)] FindFirstFile: The system cannot find the path specified. (0x3)
[0916/132904.544:ERROR:file_io_win.cc(180)] CreateFile C:\Users\Abhi\AppData\Local\Temp\scoped_dir1728_1859631580\Crashpad\settings.dat: The process cannot access the file because it is being used by another process. (0x20)
[0916/134045.025:ERROR:directory_reader_win.cc(43)] FindFirstFile: The system cannot find the path specified. (0x3)
[0916/134229.553:ERROR:directory_reader_win.cc(43)] FindFirstFile: The system cannot find the path specified. (0x3)
[0916/151016.344:ERROR:file_io_win.cc(180)] CreateFile C:\Users\Abhi\AppData\Local\Temp\scoped_dir22516_1728033775\Crashpad\settings.dat: The process cannot access the file because it is being used by another process. (0x20)
[0916/151203.858:ERROR:file_io_win.cc(180)] CreateFile C:\Users\Abhi\AppData\Local\Temp\scoped_dir22520_387064253\Crashpad\settings.dat: The process cannot access the file because it is being used by another process. (0x20)
